16:45:50.451 [main] INFO  api.test.UserTests - *********Creating user *********
16:45:51.903 [main] INFO  api.test.UserTests - *********User is created *********
16:45:51.918 [main] INFO  api.test.UserTests - *********Reading user info *********
16:45:52.108 [main] INFO  api.test.UserTests - *********User info is displayed *********
16:45:52.116 [main] INFO  api.test.UserTests - *********Updating user *********
16:45:52.127 [main] INFO  api.test.UserTests - *********Deleting user *********
16:45:52.277 [main] INFO  api.test.UserTests - ******** user deleted *********
16:52:02.388 [main] INFO  api.test.UserTests - *********Creating user *********
16:52:03.637 [main] INFO  api.test.UserTests - *********User is created *********
16:52:03.657 [main] INFO  api.test.UserTests - *********Reading user info *********
16:52:03.835 [main] INFO  api.test.UserTests - *********User info is displayed *********
16:52:03.839 [main] INFO  api.test.UserTests - *********Updating user *********
16:52:03.855 [main] INFO  api.test.UserTests - *********Deleting user *********
16:52:04.000 [main] INFO  api.test.UserTests - ******** user deleted *********
16:59:06.187 [main] DEBUG api.test.UserTests - debugging.....
16:59:06.196 [main] INFO  api.test.UserTests - *********Creating user *********
16:59:07.707 [main] INFO  api.test.UserTests - *********User is created *********
16:59:07.721 [main] INFO  api.test.UserTests - *********Reading user info *********
16:59:07.901 [main] INFO  api.test.UserTests - *********User info is displayed *********
16:59:07.911 [main] INFO  api.test.UserTests - *********Updating user *********
16:59:07.941 [main] INFO  api.test.UserTests - *********Deleting user *********
16:59:08.122 [main] INFO  api.test.UserTests - ******** user deleted *********
17:09:55.863 [main] DEBUG api.test.UserTests - debugging.....
17:09:55.874 [main] INFO  api.test.UserTests - *********Creating user *********
17:09:57.122 [main] INFO  api.test.UserTests - *********User is created *********
17:09:57.138 [main] INFO  api.test.UserTests - *********Reading user info *********
17:09:57.306 [main] INFO  api.test.UserTests - *********User info is displayed *********
17:09:57.312 [main] INFO  api.test.UserTests - *********Updating user *********
17:09:57.486 [main] INFO  api.test.UserTests - *********User is updated *********
17:09:57.668 [main] INFO  api.test.UserTests - *********Deleting user *********
17:09:57.824 [main] INFO  api.test.UserTests - ******** user deleted *********
07:27:23.837 [main] DEBUG api.test.UserTests2 - debugging.....
07:27:23.859 [main] INFO  api.test.UserTests2 - *********Creating user *********
07:27:26.518 [main] INFO  api.test.UserTests2 - *********Reading user info *********
07:27:26.789 [main] INFO  api.test.UserTests2 - *********Updating user *********
07:27:26.969 [main] INFO  api.test.UserTests2 - *********User is updated *********
07:27:27.174 [main] INFO  api.test.UserTests2 - *********Deleting user *********
07:27:27.334 [main] INFO  api.test.UserTests2 - ******** user deleted *********
07:40:29.828 [main] DEBUG org.apache.poi.openxml4j.opc.PackageRelationshipCollection - Parsing relationship: /xl/_rels/workbook.xml.rels
07:40:29.833 [main] DEBUG org.apache.poi.openxml4j.opc.PackageRelationshipCollection - Parsing relationship: /xl/worksheets/_rels/sheet1.xml.rels
07:40:29.835 [main] DEBUG org.apache.poi.openxml4j.opc.PackageRelationshipCollection - Parsing relationship: /_rels/.rels
07:40:30.333 [main] DEBUG org.apache.poi.openxml4j.opc.PackageRelationshipCollection - Parsing relationship: /xl/_rels/workbook.xml.rels
07:40:30.334 [main] DEBUG org.apache.poi.openxml4j.opc.PackageRelationshipCollection - Parsing relationship: /xl/worksheets/_rels/sheet1.xml.rels
07:40:30.335 [main] DEBUG org.apache.poi.openxml4j.opc.PackageRelationshipCollection - Parsing relationship: /_rels/.rels
07:40:30.365 [main] DEBUG org.apache.poi.openxml4j.opc.PackageRelationshipCollection - Parsing relationship: /xl/_rels/workbook.xml.rels
07:40:30.366 [main] DEBUG org.apache.poi.openxml4j.opc.PackageRelationshipCollection - Parsing relationship: /xl/worksheets/_rels/sheet1.xml.rels
07:40:30.367 [main] DEBUG org.apache.poi.openxml4j.opc.PackageRelationshipCollection - Parsing relationship: /_rels/.rels
07:40:30.437 [main] DEBUG org.apache.poi.openxml4j.opc.PackageRelationshipCollection - Parsing relationship: /xl/_rels/workbook.xml.rels
07:40:30.439 [main] DEBUG org.apache.poi.openxml4j.opc.PackageRelationshipCollection - Parsing relationship: /xl/worksheets/_rels/sheet1.xml.rels
07:40:30.440 [main] DEBUG org.apache.poi.openxml4j.opc.PackageRelationshipCollection - Parsing relationship: /_rels/.rels
07:40:30.479 [main] DEBUG org.apache.poi.openxml4j.opc.PackageRelationshipCollection - Parsing relationship: /xl/_rels/workbook.xml.rels
07:40:30.480 [main] DEBUG org.apache.poi.openxml4j.opc.PackageRelationshipCollection - Parsing relationship: /xl/worksheets/_rels/sheet1.xml.rels
07:40:30.481 [main] DEBUG org.apache.poi.openxml4j.opc.PackageRelationshipCollection - Parsing relationship: /_rels/.rels
07:40:30.500 [main] DEBUG org.apache.poi.openxml4j.opc.PackageRelationshipCollection - Parsing relationship: /xl/_rels/workbook.xml.rels
07:40:30.500 [main] DEBUG org.apache.poi.openxml4j.opc.PackageRelationshipCollection - Parsing relationship: /xl/worksheets/_rels/sheet1.xml.rels
07:40:30.501 [main] DEBUG org.apache.poi.openxml4j.opc.PackageRelationshipCollection - Parsing relationship: /_rels/.rels
07:40:30.523 [main] DEBUG org.apache.poi.openxml4j.opc.PackageRelationshipCollection - Parsing relationship: /xl/_rels/workbook.xml.rels
07:40:30.524 [main] DEBUG org.apache.poi.openxml4j.opc.PackageRelationshipCollection - Parsing relationship: /xl/worksheets/_rels/sheet1.xml.rels
07:40:30.527 [main] DEBUG org.apache.poi.openxml4j.opc.PackageRelationshipCollection - Parsing relationship: /_rels/.rels
07:40:30.552 [main] DEBUG org.apache.poi.openxml4j.opc.PackageRelationshipCollection - Parsing relationship: /xl/_rels/workbook.xml.rels
07:40:30.554 [main] DEBUG org.apache.poi.openxml4j.opc.PackageRelationshipCollection - Parsing relationship: /xl/worksheets/_rels/sheet1.xml.rels
07:40:30.556 [main] DEBUG org.apache.poi.openxml4j.opc.PackageRelationshipCollection - Parsing relationship: /_rels/.rels
07:40:30.579 [main] DEBUG org.apache.poi.openxml4j.opc.PackageRelationshipCollection - Parsing relationship: /xl/_rels/workbook.xml.rels
07:40:30.580 [main] DEBUG org.apache.poi.openxml4j.opc.PackageRelationshipCollection - Parsing relationship: /xl/worksheets/_rels/sheet1.xml.rels
07:40:30.580 [main] DEBUG org.apache.poi.openxml4j.opc.PackageRelationshipCollection - Parsing relationship: /_rels/.rels
07:40:30.604 [main] DEBUG org.apache.poi.openxml4j.opc.PackageRelationshipCollection - Parsing relationship: /xl/_rels/workbook.xml.rels
07:40:30.605 [main] DEBUG org.apache.poi.openxml4j.opc.PackageRelationshipCollection - Parsing relationship: /xl/worksheets/_rels/sheet1.xml.rels
07:40:30.606 [main] DEBUG org.apache.poi.openxml4j.opc.PackageRelationshipCollection - Parsing relationship: /_rels/.rels
07:40:30.629 [main] DEBUG org.apache.poi.openxml4j.opc.PackageRelationshipCollection - Parsing relationship: /xl/_rels/workbook.xml.rels
07:40:30.630 [main] DEBUG org.apache.poi.openxml4j.opc.PackageRelationshipCollection - Parsing relationship: /xl/worksheets/_rels/sheet1.xml.rels
07:40:30.631 [main] DEBUG org.apache.poi.openxml4j.opc.PackageRelationshipCollection - Parsing relationship: /_rels/.rels
07:40:30.651 [main] DEBUG org.apache.poi.openxml4j.opc.PackageRelationshipCollection - Parsing relationship: /xl/_rels/workbook.xml.rels
07:40:30.652 [main] DEBUG org.apache.poi.openxml4j.opc.PackageRelationshipCollection - Parsing relationship: /xl/worksheets/_rels/sheet1.xml.rels
07:40:30.653 [main] DEBUG org.apache.poi.openxml4j.opc.PackageRelationshipCollection - Parsing relationship: /_rels/.rels
07:40:30.680 [main] DEBUG org.apache.poi.openxml4j.opc.PackageRelationshipCollection - Parsing relationship: /xl/_rels/workbook.xml.rels
07:40:30.681 [main] DEBUG org.apache.poi.openxml4j.opc.PackageRelationshipCollection - Parsing relationship: /xl/worksheets/_rels/sheet1.xml.rels
07:40:30.682 [main] DEBUG org.apache.poi.openxml4j.opc.PackageRelationshipCollection - Parsing relationship: /_rels/.rels
07:40:30.708 [main] DEBUG org.apache.poi.openxml4j.opc.PackageRelationshipCollection - Parsing relationship: /xl/_rels/workbook.xml.rels
07:40:30.708 [main] DEBUG org.apache.poi.openxml4j.opc.PackageRelationshipCollection - Parsing relationship: /xl/worksheets/_rels/sheet1.xml.rels
07:40:30.709 [main] DEBUG org.apache.poi.openxml4j.opc.PackageRelationshipCollection - Parsing relationship: /_rels/.rels
07:40:30.731 [main] DEBUG org.apache.poi.openxml4j.opc.PackageRelationshipCollection - Parsing relationship: /xl/_rels/workbook.xml.rels
07:40:30.732 [main] DEBUG org.apache.poi.openxml4j.opc.PackageRelationshipCollection - Parsing relationship: /xl/worksheets/_rels/sheet1.xml.rels
07:40:30.732 [main] DEBUG org.apache.poi.openxml4j.opc.PackageRelationshipCollection - Parsing relationship: /_rels/.rels
07:40:30.754 [main] DEBUG org.apache.poi.openxml4j.opc.PackageRelationshipCollection - Parsing relationship: /xl/_rels/workbook.xml.rels
07:40:30.754 [main] DEBUG org.apache.poi.openxml4j.opc.PackageRelationshipCollection - Parsing relationship: /xl/worksheets/_rels/sheet1.xml.rels
07:40:30.756 [main] DEBUG org.apache.poi.openxml4j.opc.PackageRelationshipCollection - Parsing relationship: /_rels/.rels
07:40:33.259 [main] DEBUG org.apache.poi.openxml4j.opc.PackageRelationshipCollection - Parsing relationship: /xl/_rels/workbook.xml.rels
07:40:33.260 [main] DEBUG org.apache.poi.openxml4j.opc.PackageRelationshipCollection - Parsing relationship: /xl/worksheets/_rels/sheet1.xml.rels
07:40:33.261 [main] DEBUG org.apache.poi.openxml4j.opc.PackageRelationshipCollection - Parsing relationship: /_rels/.rels
07:40:33.282 [main] DEBUG org.apache.poi.openxml4j.opc.PackageRelationshipCollection - Parsing relationship: /xl/_rels/workbook.xml.rels
07:40:33.284 [main] DEBUG org.apache.poi.openxml4j.opc.PackageRelationshipCollection - Parsing relationship: /xl/worksheets/_rels/sheet1.xml.rels
07:40:33.286 [main] DEBUG org.apache.poi.openxml4j.opc.PackageRelationshipCollection - Parsing relationship: /_rels/.rels
07:40:33.303 [main] DEBUG org.apache.poi.openxml4j.opc.PackageRelationshipCollection - Parsing relationship: /xl/_rels/workbook.xml.rels
07:40:33.303 [main] DEBUG org.apache.poi.openxml4j.opc.PackageRelationshipCollection - Parsing relationship: /xl/worksheets/_rels/sheet1.xml.rels
07:40:33.303 [main] DEBUG org.apache.poi.openxml4j.opc.PackageRelationshipCollection - Parsing relationship: /_rels/.rels
07:40:33.317 [main] DEBUG org.apache.poi.openxml4j.opc.PackageRelationshipCollection - Parsing relationship: /xl/_rels/workbook.xml.rels
07:40:33.318 [main] DEBUG org.apache.poi.openxml4j.opc.PackageRelationshipCollection - Parsing relationship: /xl/worksheets/_rels/sheet1.xml.rels
07:40:33.318 [main] DEBUG org.apache.poi.openxml4j.opc.PackageRelationshipCollection - Parsing relationship: /_rels/.rels
07:40:34.039 [main] DEBUG api.test.UserTests - debugging.....
07:40:34.040 [main] INFO  api.test.UserTests - *********Creating user *********
07:40:34.261 [main] INFO  api.test.UserTests - *********User is created *********
07:40:34.269 [main] INFO  api.test.UserTests - *********Reading user info *********
07:40:34.450 [main] INFO  api.test.UserTests - *********User info is displayed *********
07:40:34.453 [main] INFO  api.test.UserTests - *********Updating user *********
07:40:34.645 [main] INFO  api.test.UserTests - *********User is updated *********
07:40:34.816 [main] INFO  api.test.UserTests - *********Deleting user *********
07:40:34.990 [main] INFO  api.test.UserTests - ******** user deleted *********
07:47:57.006 [main] DEBUG api.test.UserTests2 - debugging.....
07:47:57.020 [main] INFO  api.test.UserTests2 - *********Creating user *********
07:47:59.027 [main] INFO  api.test.UserTests2 - *********Reading user info *********
07:47:59.261 [main] INFO  api.test.UserTests2 - *********Updating user *********
07:47:59.424 [main] INFO  api.test.UserTests2 - *********User is updated *********
07:47:59.595 [main] INFO  api.test.UserTests2 - *********Deleting user *********
07:47:59.752 [main] INFO  api.test.UserTests2 - ******** user deleted *********
07:52:22.900 [main] DEBUG api.test.UserTests2 - debugging.....
07:52:22.912 [main] INFO  api.test.UserTests2 - *********Creating user *********
07:52:24.704 [main] INFO  api.test.UserTests2 - *********Reading user info *********
07:52:24.951 [main] INFO  api.test.UserTests2 - *********Updating user *********
07:52:25.117 [main] INFO  api.test.UserTests2 - *********User is updated *********
07:52:25.303 [main] INFO  api.test.UserTests2 - *********Deleting user *********
07:52:25.511 [main] INFO  api.test.UserTests2 - ******** user deleted *********
11:45:52.139 [main] DEBUG api.test.UserTests2 - debugging.....
11:45:52.149 [main] INFO  api.test.UserTests2 - *********Creating user *********
11:45:53.479 [main] INFO  api.test.UserTests2 - *********Reading user info *********
11:45:53.684 [main] INFO  api.test.UserTests2 - *********Updating user *********
11:45:53.832 [main] INFO  api.test.UserTests2 - *********User is updated *********
11:45:54.000 [main] INFO  api.test.UserTests2 - *********Deleting user *********
11:45:54.131 [main] INFO  api.test.UserTests2 - ******** user deleted *********
11:46:13.428 [main] DEBUG api.test.UserTests2 - debugging.....
11:46:13.439 [main] INFO  api.test.UserTests2 - *********Creating user *********
11:46:14.759 [main] INFO  api.test.UserTests2 - *********Reading user info *********
11:46:14.959 [main] INFO  api.test.UserTests2 - *********Updating user *********
11:46:15.089 [main] INFO  api.test.UserTests2 - *********User is updated *********
11:46:15.272 [main] INFO  api.test.UserTests2 - *********Deleting user *********
11:46:15.418 [main] INFO  api.test.UserTests2 - ******** user deleted *********
11:47:12.366 [main] DEBUG api.test.UserTests - debugging.....
11:47:12.377 [main] INFO  api.test.UserTests - *********Creating user *********
11:47:13.696 [main] INFO  api.test.UserTests - *********User is created *********
11:47:13.710 [main] INFO  api.test.UserTests - *********Reading user info *********
11:47:13.887 [main] INFO  api.test.UserTests - *********User info is displayed *********
11:47:13.892 [main] INFO  api.test.UserTests - *********Updating user *********
11:47:14.060 [main] INFO  api.test.UserTests - *********User is updated *********
11:47:14.201 [main] INFO  api.test.UserTests - *********Deleting user *********
11:47:14.344 [main] INFO  api.test.UserTests - ******** user deleted *********
16:33:52.911 [main] DEBUG api.test.UserTests - debugging.....
16:33:52.926 [main] INFO  api.test.UserTests - *********Creating user *********
16:33:55.280 [main] INFO  api.test.UserTests - *********User is created *********
16:33:55.293 [main] INFO  api.test.UserTests - *********Reading user info *********
16:33:55.481 [main] INFO  api.test.UserTests - *********User info is displayed *********
16:33:55.490 [main] INFO  api.test.UserTests - *********Updating user *********
16:33:55.677 [main] INFO  api.test.UserTests - *********User is updated *********
16:33:55.849 [main] INFO  api.test.UserTests - *********Deleting user *********
16:33:56.004 [main] INFO  api.test.UserTests - ******** user deleted *********
